2022/11/06 15:35:03 [Error]: (jlog.go:60) (jlog.go:113) (jlog.go:108) (exe.go:101) (jgit.go:29) (jgit.go:33) (root.go:190) (main.go:21): fatal: destination path 'test/ecs_para_principiantes' already exists and is not an empty directory.
-
2022/11/06 15:35:03 [Error]: (jlog.go:60) (jlog.go:113) (jlog.go:108) (exe.go:104) (jgit.go:29) (jgit.go:33) (root.go:190) (main.go:21): exit status 128-
2022/11/06 15:35:05 [Error]: (jlog.go:60) (jlog.go:113) (jlog.go:108) (exe.go:101) (jgit.go:29) (jgit.go:33) (root.go:190) (main.go:21): fatal: destination path 'test/terraform-docker-and-codepipeline' already exists and is not an empty directory.
-
2022/11/06 15:35:05 [Error]: (jlog.go:60) (jlog.go:113) (jlog.go:108) (exe.go:104) (jgit.go:29) (jgit.go:33) (root.go:190) (main.go:21): exit status 128-
2022/11/06 15:35:07 [Error]: (jlog.go:60) (jlog.go:113) (jlog.go:108) (exe.go:101) (jgit.go:29) (jgit.go:33) (root.go:190) (main.go:21): fatal: destination path 'test/lambda_authorizer_with_awssam' already exists and is not an empty directory.
-
2022/11/06 15:35:07 [Error]: (jlog.go:60) (jlog.go:113) (jlog.go:108) (exe.go:104) (jgit.go:29) (jgit.go:33) (root.go:190) (main.go:21): exit status 128-
2022/11/06 15:35:08 [Error]: (jlog.go:60) (jlog.go:113) (jlog.go:108) (exe.go:101) (jgit.go:29) (jgit.go:33) (root.go:190) (main.go:21): fatal: destination path 'test/dockerfiles_hub' already exists and is not an empty directory.
-
2022/11/06 15:35:08 [Error]: (jlog.go:60) (jlog.go:113) (jlog.go:108) (exe.go:104) (jgit.go:29) (jgit.go:33) (root.go:190) (main.go:21): exit status 128-
2022/11/06 15:35:11 [Error]: (jlog.go:60) (jlog.go:113) (jlog.go:108) (exe.go:101) (jgit.go:29) (jgit.go:33) (root.go:190) (main.go:21): fatal: destination path 'test/jenkins' already exists and is not an empty directory.
-
2022/11/06 15:35:11 [Error]: (jlog.go:60) (jlog.go:113) (jlog.go:108) (exe.go:104) (jgit.go:29) (jgit.go:33) (root.go:190) (main.go:21): exit status 128-
2022/11/06 15:35:14 [Error]: (jlog.go:60) (jlog.go:113) (jlog.go:108) (exe.go:101) (jgit.go:29) (jgit.go:33) (root.go:190) (main.go:21): fatal: destination path 'test/terraformejercicio' already exists and is not an empty directory.
-
2022/11/06 15:35:14 [Error]: (jlog.go:60) (jlog.go:113) (jlog.go:108) (exe.go:104) (jgit.go:29) (jgit.go:33) (root.go:190) (main.go:21): exit status 128-
2022/11/06 15:35:16 [Error]: (jlog.go:60) (jlog.go:113) (jlog.go:108) (exe.go:101) (jgit.go:29) (jgit.go:33) (root.go:190) (main.go:21): fatal: destination path 'test/sns_examples' already exists and is not an empty directory.
-
2022/11/06 15:35:16 [Error]: (jlog.go:60) (jlog.go:113) (jlog.go:108) (exe.go:104) (jgit.go:29) (jgit.go:33) (root.go:190) (main.go:21): exit status 128-
2022/11/06 15:35:18 [Error]: (jlog.go:60) (jlog.go:113) (jlog.go:108) (exe.go:101) (jgit.go:29) (jgit.go:33) (root.go:190) (main.go:21): fatal: destination path 'test/golang' already exists and is not an empty directory.
-
2022/11/06 15:35:18 [Error]: (jlog.go:60) (jlog.go:113) (jlog.go:108) (exe.go:104) (jgit.go:29) (jgit.go:33) (root.go:190) (main.go:21): exit status 128-
2022/11/06 15:37:29 [Error]:: fatal: destination path 'test/ecs_para_principiantes' already exists and is not an empty directory.
-
2022/11/06 15:37:29 [Error]:: exit status 128-
2022/11/06 15:37:29 [Error]:: fatal: destination path 'test/terraform-docker-and-codepipeline' already exists and is not an empty directory.
-
2022/11/06 15:37:29 [Error]:: exit status 128-
2022/11/06 15:37:29 [Error]:: fatal: destination path 'test/lambda_authorizer_with_awssam' already exists and is not an empty directory.
-
2022/11/06 15:37:29 [Error]:: exit status 128-
2022/11/06 15:37:29 [Error]:: fatal: destination path 'test/dockerfiles_hub' already exists and is not an empty directory.
-
2022/11/06 15:37:29 [Error]:: exit status 128-
2022/11/06 15:37:30 [Error]:: fatal: destination path 'test/jenkins' already exists and is not an empty directory.
-
2022/11/06 15:37:30 [Error]:: exit status 128-
2022/11/06 15:37:30 [Error]:: fatal: destination path 'test/terraformejercicio' already exists and is not an empty directory.
-
2022/11/06 15:37:30 [Error]:: exit status 128-
2022/11/06 15:37:30 [Error]:: fatal: destination path 'test/sns_examples' already exists and is not an empty directory.
-
2022/11/06 15:37:30 [Error]:: exit status 128-
2022/11/06 15:37:30 [Error]:: fatal: destination path 'test/golang' already exists and is not an empty directory.
-
2022/11/06 15:37:30 [Error]:: exit status 128-
2022/11/06 15:37:49 [Error]: (jlog.go:60) (jlog.go:114) (jlog.go:109) (exe.go:101) (jgit.go:29) (jgit.go:33) (root.go:190) (main.go:21): fatal: destination path 'test/ecs_para_principiantes' already exists and is not an empty directory.
-
2022/11/06 15:37:49 [Error]: (jlog.go:60) (jlog.go:114) (jlog.go:109) (exe.go:104) (jgit.go:29) (jgit.go:33) (root.go:190) (main.go:21): exit status 128-
2022/11/06 15:37:49 [Error]: (jlog.go:60) (jlog.go:114) (jlog.go:109) (exe.go:101) (jgit.go:29) (jgit.go:33) (root.go:190) (main.go:21): fatal: destination path 'test/terraform-docker-and-codepipeline' already exists and is not an empty directory.
-
2022/11/06 15:37:49 [Error]: (jlog.go:60) (jlog.go:114) (jlog.go:109) (exe.go:104) (jgit.go:29) (jgit.go:33) (root.go:190) (main.go:21): exit status 128-
2022/11/06 15:37:49 [Error]: (jlog.go:60) (jlog.go:114) (jlog.go:109) (exe.go:101) (jgit.go:29) (jgit.go:33) (root.go:190) (main.go:21): fatal: destination path 'test/lambda_authorizer_with_awssam' already exists and is not an empty directory.
-
2022/11/06 15:37:49 [Error]: (jlog.go:60) (jlog.go:114) (jlog.go:109) (exe.go:104) (jgit.go:29) (jgit.go:33) (root.go:190) (main.go:21): exit status 128-
2022/11/06 15:37:49 [Error]: (jlog.go:60) (jlog.go:114) (jlog.go:109) (exe.go:101) (jgit.go:29) (jgit.go:33) (root.go:190) (main.go:21): fatal: destination path 'test/dockerfiles_hub' already exists and is not an empty directory.
-
2022/11/06 15:37:49 [Error]: (jlog.go:60) (jlog.go:114) (jlog.go:109) (exe.go:104) (jgit.go:29) (jgit.go:33) (root.go:190) (main.go:21): exit status 128-
2022/11/06 15:37:49 [Error]: (jlog.go:60) (jlog.go:114) (jlog.go:109) (exe.go:101) (jgit.go:29) (jgit.go:33) (root.go:190) (main.go:21): fatal: destination path 'test/jenkins' already exists and is not an empty directory.
-
2022/11/06 15:37:49 [Error]: (jlog.go:60) (jlog.go:114) (jlog.go:109) (exe.go:104) (jgit.go:29) (jgit.go:33) (root.go:190) (main.go:21): exit status 128-
2022/11/06 15:38:23 [Error]:: fatal: destination path 'test/ecs_para_principiantes' already exists and is not an empty directory.
-
2022/11/06 15:38:23 [Error]:: exit status 128-
2022/11/06 15:38:23 [Error]:: fatal: destination path 'test/terraform-docker-and-codepipeline' already exists and is not an empty directory.
-
2022/11/06 15:38:23 [Error]:: exit status 128-
2022/11/06 15:38:23 [Error]:: fatal: destination path 'test/lambda_authorizer_with_awssam' already exists and is not an empty directory.
-
2022/11/06 15:38:23 [Error]:: exit status 128-
2022/11/06 15:38:23 [Error]:: fatal: destination path 'test/dockerfiles_hub' already exists and is not an empty directory.
-
2022/11/06 15:38:23 [Error]:: exit status 128-
2022/11/06 15:38:24 [Error]:: fatal: destination path 'test/jenkins' already exists and is not an empty directory.
-
2022/11/06 15:38:24 [Error]:: exit status 128-
2022/11/06 15:39:29 [Error]:: fatal: destination path 'test/ecs_para_principiantes' already exists and is not an empty directory.
-
2022/11/06 15:39:29 [Error]:: exit status 128-
2022/11/06 15:39:29 [Error]:: fatal: destination path 'test/terraform-docker-and-codepipeline' already exists and is not an empty directory.
-
2022/11/06 15:39:29 [Error]:: exit status 128-
2022/11/06 15:39:29 [Error]:: fatal: destination path 'test/lambda_authorizer_with_awssam' already exists and is not an empty directory.
-
2022/11/06 15:39:29 [Error]:: exit status 128-
2022/11/06 15:39:30 [Error]:: fatal: destination path 'test/dockerfiles_hub' already exists and is not an empty directory.
-
2022/11/06 15:39:30 [Error]:: exit status 128-
2022/11/06 15:39:30 [Error]:: fatal: destination path 'test/jenkins' already exists and is not an empty directory.
-
2022/11/06 15:39:30 [Error]:: exit status 128-
2022/11/06 15:39:30 [Error]:: fatal: destination path 'test/terraformejercicio' already exists and is not an empty directory.
-
2022/11/06 15:39:30 [Error]:: exit status 128-
2022/11/06 15:39:30 [Error]:: fatal: destination path 'test/sns_examples' already exists and is not an empty directory.
-
2022/11/06 15:39:30 [Error]:: exit status 128-
2022/11/06 15:39:30 [Error]:: fatal: destination path 'test/golang' already exists and is not an empty directory.
-
2022/11/06 15:39:30 [Error]:: exit status 128-
2022/11/06 15:39:40 [Error]: (jlog.go:62) (jlog.go:117) (jlog.go:112) (exe.go:101) (jgit.go:29) (jgit.go:33) (root.go:190) (main.go:21): fatal: destination path 'test/ecs_para_principiantes' already exists and is not an empty directory.
-
2022/11/06 15:39:40 [Error]: (jlog.go:62) (jlog.go:117) (jlog.go:112) (exe.go:104) (jgit.go:29) (jgit.go:33) (root.go:190) (main.go:21): exit status 128-
2022/11/06 15:39:40 [Error]: (jlog.go:62) (jlog.go:117) (jlog.go:112) (exe.go:101) (jgit.go:29) (jgit.go:33) (root.go:190) (main.go:21): fatal: destination path 'test/terraform-docker-and-codepipeline' already exists and is not an empty directory.
-
2022/11/06 15:39:40 [Error]: (jlog.go:62) (jlog.go:117) (jlog.go:112) (exe.go:104) (jgit.go:29) (jgit.go:33) (root.go:190) (main.go:21): exit status 128-
2022/11/06 15:39:40 [Error]: (jlog.go:62) (jlog.go:117) (jlog.go:112) (exe.go:101) (jgit.go:29) (jgit.go:33) (root.go:190) (main.go:21): fatal: destination path 'test/lambda_authorizer_with_awssam' already exists and is not an empty directory.
-
2022/11/06 15:39:40 [Error]: (jlog.go:62) (jlog.go:117) (jlog.go:112) (exe.go:104) (jgit.go:29) (jgit.go:33) (root.go:190) (main.go:21): exit status 128-
2022/11/06 15:39:40 [Error]: (jlog.go:62) (jlog.go:117) (jlog.go:112) (exe.go:101) (jgit.go:29) (jgit.go:33) (root.go:190) (main.go:21): fatal: destination path 'test/dockerfiles_hub' already exists and is not an empty directory.
-
2022/11/06 15:39:40 [Error]: (jlog.go:62) (jlog.go:117) (jlog.go:112) (exe.go:104) (jgit.go:29) (jgit.go:33) (root.go:190) (main.go:21): exit status 128-
2022/11/06 15:39:40 [Error]: (jlog.go:62) (jlog.go:117) (jlog.go:112) (exe.go:101) (jgit.go:29) (jgit.go:33) (root.go:190) (main.go:21): fatal: destination path 'test/jenkins' already exists and is not an empty directory.
-
2022/11/06 15:39:40 [Error]: (jlog.go:62) (jlog.go:117) (jlog.go:112) (exe.go:104) (jgit.go:29) (jgit.go:33) (root.go:190) (main.go:21): exit status 128-
2022/11/06 15:45:04 [Error]: (jlog.go:130) (jlog.go:125) (jlog.go:101) (exe.go:29) (jgit.go:33) (jgit.go:190) (root.go:21) (main.go:255) (proc.go:1571) (asm_amd64.s:0): fatal: destination path 'test/ecs_para_principiantes' already exists and is not an empty directory.
-
2022/11/06 15:45:04 [Error]: (jlog.go:130) (jlog.go:125) (jlog.go:104) (exe.go:29) (jgit.go:33) (jgit.go:190) (root.go:21) (main.go:255) (proc.go:1571) (asm_amd64.s:0): exit status 128-
2022/11/06 15:45:04 [Error]: (jlog.go:130) (jlog.go:125) (jlog.go:101) (exe.go:29) (jgit.go:33) (jgit.go:190) (root.go:21) (main.go:255) (proc.go:1571) (asm_amd64.s:0): fatal: destination path 'test/terraform-docker-and-codepipeline' already exists and is not an empty directory.
-
2022/11/06 15:45:04 [Error]: (jlog.go:130) (jlog.go:125) (jlog.go:104) (exe.go:29) (jgit.go:33) (jgit.go:190) (root.go:21) (main.go:255) (proc.go:1571) (asm_amd64.s:0): exit status 128-
2022/11/06 15:45:04 [Error]: (jlog.go:130) (jlog.go:125) (jlog.go:101) (exe.go:29) (jgit.go:33) (jgit.go:190) (root.go:21) (main.go:255) (proc.go:1571) (asm_amd64.s:0): fatal: destination path 'test/lambda_authorizer_with_awssam' already exists and is not an empty directory.
-
2022/11/06 15:45:04 [Error]: (jlog.go:130) (jlog.go:125) (jlog.go:104) (exe.go:29) (jgit.go:33) (jgit.go:190) (root.go:21) (main.go:255) (proc.go:1571) (asm_amd64.s:0): exit status 128-
2022/11/06 15:45:04 [Error]: (jlog.go:130) (jlog.go:125) (jlog.go:101) (exe.go:29) (jgit.go:33) (jgit.go:190) (root.go:21) (main.go:255) (proc.go:1571) (asm_amd64.s:0): fatal: destination path 'test/dockerfiles_hub' already exists and is not an empty directory.
-
2022/11/06 15:45:04 [Error]: (jlog.go:130) (jlog.go:125) (jlog.go:104) (exe.go:29) (jgit.go:33) (jgit.go:190) (root.go:21) (main.go:255) (proc.go:1571) (asm_amd64.s:0): exit status 128-
2022/11/06 15:45:04 [Error]: (jlog.go:130) (jlog.go:125) (jlog.go:101) (exe.go:29) (jgit.go:33) (jgit.go:190) (root.go:21) (main.go:255) (proc.go:1571) (asm_amd64.s:0): fatal: destination path 'test/jenkins' already exists and is not an empty directory.
-
2022/11/06 15:45:04 [Error]: (jlog.go:130) (jlog.go:125) (jlog.go:104) (exe.go:29) (jgit.go:33) (jgit.go:190) (root.go:21) (main.go:255) (proc.go:1571) (asm_amd64.s:0): exit status 128-
2022/11/06 15:45:55 [Error]: (asm_amd64.s:1571): fatal: destination path 'test/ecs_para_principiantes' already exists and is not an empty directory.
-
2022/11/06 15:45:55 [Error]: (asm_amd64.s:1571): exit status 128-
2022/11/06 15:45:56 [Error]: (asm_amd64.s:1571): fatal: destination path 'test/terraform-docker-and-codepipeline' already exists and is not an empty directory.
-
2022/11/06 15:45:56 [Error]: (asm_amd64.s:1571): exit status 128-
2022/11/06 15:45:56 [Error]: (asm_amd64.s:1571): fatal: destination path 'test/lambda_authorizer_with_awssam' already exists and is not an empty directory.
-
2022/11/06 15:45:56 [Error]: (asm_amd64.s:1571): exit status 128-
2022/11/06 15:45:56 [Error]: (asm_amd64.s:1571): fatal: destination path 'test/dockerfiles_hub' already exists and is not an empty directory.
-
2022/11/06 15:45:56 [Error]: (asm_amd64.s:1571): exit status 128-
2022/11/06 15:45:56 [Error]: (asm_amd64.s:1571): fatal: destination path 'test/jenkins' already exists and is not an empty directory.
-
2022/11/06 15:45:56 [Error]: (asm_amd64.s:1571): exit status 128-
2022/11/06 15:45:56 [Error]: (asm_amd64.s:1571): fatal: destination path 'test/terraformejercicio' already exists and is not an empty directory.
-
2022/11/06 15:45:56 [Error]: (asm_amd64.s:1571): exit status 128-
2022/11/06 15:46:17 [Error]:: fatal: destination path 'test/ecs_para_principiantes' already exists and is not an empty directory.
-
2022/11/06 15:46:17 [Error]:: exit status 128-
2022/11/06 15:46:17 [Error]:: fatal: destination path 'test/terraform-docker-and-codepipeline' already exists and is not an empty directory.
-
2022/11/06 15:46:17 [Error]:: exit status 128-
2022/11/06 15:46:17 [Error]:: fatal: destination path 'test/lambda_authorizer_with_awssam' already exists and is not an empty directory.
-
2022/11/06 15:46:17 [Error]:: exit status 128-
2022/11/06 15:46:17 [Error]:: fatal: destination path 'test/dockerfiles_hub' already exists and is not an empty directory.
-
2022/11/06 15:46:17 [Error]:: exit status 128-
2022/11/06 15:46:18 [Error]:: fatal: destination path 'test/jenkins' already exists and is not an empty directory.
-
2022/11/06 15:46:18 [Error]:: exit status 128-
2022/11/06 15:46:28 [Error]: (jlog.go:63) (jlog.go:120) (jlog.go:115) (exe.go:101) (jgit.go:29) (jgit.go:33) (root.go:190) (main.go:21): fatal: destination path 'test/ecs_para_principiantes' already exists and is not an empty directory.
-
2022/11/06 15:46:28 [Error]: (jlog.go:63) (jlog.go:120) (jlog.go:115) (exe.go:104) (jgit.go:29) (jgit.go:33) (root.go:190) (main.go:21): exit status 128-
2022/11/06 15:46:28 [Error]: (jlog.go:63) (jlog.go:120) (jlog.go:115) (exe.go:101) (jgit.go:29) (jgit.go:33) (root.go:190) (main.go:21): fatal: destination path 'test/terraform-docker-and-codepipeline' already exists and is not an empty directory.
-
2022/11/06 15:46:28 [Error]: (jlog.go:63) (jlog.go:120) (jlog.go:115) (exe.go:104) (jgit.go:29) (jgit.go:33) (root.go:190) (main.go:21): exit status 128-
2022/11/06 15:46:28 [Error]: (jlog.go:63) (jlog.go:120) (jlog.go:115) (exe.go:101) (jgit.go:29) (jgit.go:33) (root.go:190) (main.go:21): fatal: destination path 'test/lambda_authorizer_with_awssam' already exists and is not an empty directory.
-
2022/11/06 15:46:28 [Error]: (jlog.go:63) (jlog.go:120) (jlog.go:115) (exe.go:104) (jgit.go:29) (jgit.go:33) (root.go:190) (main.go:21): exit status 128-
2022/11/06 15:46:28 [Error]: (jlog.go:63) (jlog.go:120) (jlog.go:115) (exe.go:101) (jgit.go:29) (jgit.go:33) (root.go:190) (main.go:21): fatal: destination path 'test/dockerfiles_hub' already exists and is not an empty directory.
-
2022/11/06 15:46:28 [Error]: (jlog.go:63) (jlog.go:120) (jlog.go:115) (exe.go:104) (jgit.go:29) (jgit.go:33) (root.go:190) (main.go:21): exit status 128-
2022/11/06 15:47:02 [Error]: (asm_amd64.s:1571): fatal: destination path 'test/ecs_para_principiantes' already exists and is not an empty directory.
-
2022/11/06 15:47:02 [Error]: (asm_amd64.s:1571): exit status 128-
2022/11/06 15:47:02 [Error]: (asm_amd64.s:1571): fatal: destination path 'test/terraform-docker-and-codepipeline' already exists and is not an empty directory.
-
2022/11/06 15:47:02 [Error]: (asm_amd64.s:1571): exit status 128-
2022/11/06 15:47:02 [Error]: (asm_amd64.s:1571): fatal: destination path 'test/lambda_authorizer_with_awssam' already exists and is not an empty directory.
-
2022/11/06 15:47:02 [Error]: (asm_amd64.s:1571): exit status 128-
2022/11/06 15:48:54 [Error]: (jlog.go:80): fatal: destination path 'test/ecs_para_principiantes' already exists and is not an empty directory.
-
2022/11/06 15:48:54 [Error]: (jlog.go:80): exit status 128-
2022/11/06 15:48:54 [Error]: (jlog.go:80): fatal: destination path 'test/terraform-docker-and-codepipeline' already exists and is not an empty directory.
-
2022/11/06 15:48:54 [Error]: (jlog.go:80): exit status 128-
2022/11/06 15:48:54 [Error]: (jlog.go:80): fatal: destination path 'test/lambda_authorizer_with_awssam' already exists and is not an empty directory.
-
2022/11/06 15:48:54 [Error]: (jlog.go:80): exit status 128-
2022/11/06 15:48:54 [Error]: (jlog.go:80): fatal: destination path 'test/dockerfiles_hub' already exists and is not an empty directory.
-
2022/11/06 15:48:54 [Error]: (jlog.go:80): exit status 128-
2022/11/06 15:49:13 [Error]: (jlog.go:132): fatal: destination path 'test/ecs_para_principiantes' already exists and is not an empty directory.
-
2022/11/06 15:49:13 [Error]: (jlog.go:132): exit status 128-
2022/11/06 15:49:13 [Error]: (jlog.go:132): fatal: destination path 'test/terraform-docker-and-codepipeline' already exists and is not an empty directory.
-
2022/11/06 15:49:13 [Error]: (jlog.go:132): exit status 128-
2022/11/06 15:49:13 [Error]: (jlog.go:132): fatal: destination path 'test/lambda_authorizer_with_awssam' already exists and is not an empty directory.
-
2022/11/06 15:49:13 [Error]: (jlog.go:132): exit status 128-
2022/11/06 15:49:35 [Error]: (:0): fatal: destination path 'test/ecs_para_principiantes' already exists and is not an empty directory.
-
2022/11/06 15:49:35 [Error]: (:0): exit status 128-
2022/11/06 15:49:35 [Error]: (:0): fatal: destination path 'test/terraform-docker-and-codepipeline' already exists and is not an empty directory.
-
2022/11/06 15:49:35 [Error]: (:0): exit status 128-
2022/11/06 15:49:35 [Error]: (:0): fatal: destination path 'test/lambda_authorizer_with_awssam' already exists and is not an empty directory.
-
2022/11/06 15:49:35 [Error]: (:0): exit status 128-
2022/11/06 15:49:35 [Error]: (:0): fatal: destination path 'test/dockerfiles_hub' already exists and is not an empty directory.
-
2022/11/06 15:49:35 [Error]: (:0): exit status 128-
2022/11/06 15:50:12 [Error]: (jlog.go:63) (jlog.go:132) (jlog.go:127) (exe.go:101) (jgit.go:29) (jgit.go:33) (root.go:190) (main.go:21): fatal: destination path 'test/ecs_para_principiantes' already exists and is not an empty directory.
-
2022/11/06 15:50:12 [Error]: (jlog.go:63) (jlog.go:132) (jlog.go:127) (exe.go:104) (jgit.go:29) (jgit.go:33) (root.go:190) (main.go:21): exit status 128-
2022/11/06 15:50:12 [Error]: (jlog.go:63) (jlog.go:132) (jlog.go:127) (exe.go:101) (jgit.go:29) (jgit.go:33) (root.go:190) (main.go:21): fatal: destination path 'test/terraform-docker-and-codepipeline' already exists and is not an empty directory.
-
2022/11/06 15:50:12 [Error]: (jlog.go:63) (jlog.go:132) (jlog.go:127) (exe.go:104) (jgit.go:29) (jgit.go:33) (root.go:190) (main.go:21): exit status 128-
2022/11/06 15:50:12 [Error]: (jlog.go:63) (jlog.go:132) (jlog.go:127) (exe.go:101) (jgit.go:29) (jgit.go:33) (root.go:190) (main.go:21): fatal: destination path 'test/lambda_authorizer_with_awssam' already exists and is not an empty directory.
-
2022/11/06 15:50:12 [Error]: (jlog.go:63) (jlog.go:132) (jlog.go:127) (exe.go:104) (jgit.go:29) (jgit.go:33) (root.go:190) (main.go:21): exit status 128-
2022/11/06 15:50:12 [Error]: (jlog.go:63) (jlog.go:132) (jlog.go:127) (exe.go:101) (jgit.go:29) (jgit.go:33) (root.go:190) (main.go:21): fatal: destination path 'test/dockerfiles_hub' already exists and is not an empty directory.
-
2022/11/06 15:50:12 [Error]: (jlog.go:63) (jlog.go:132) (jlog.go:127) (exe.go:104) (jgit.go:29) (jgit.go:33) (root.go:190) (main.go:21): exit status 128-
2022/11/06 15:50:12 [Error]: (jlog.go:63) (jlog.go:132) (jlog.go:127) (exe.go:101) (jgit.go:29) (jgit.go:33) (root.go:190) (main.go:21): fatal: destination path 'test/jenkins' already exists and is not an empty directory.
-
2022/11/06 15:50:12 [Error]: (jlog.go:63) (jlog.go:132) (jlog.go:127) (exe.go:104) (jgit.go:29) (jgit.go:33) (root.go:190) (main.go:21): exit status 128-
2022/11/06 15:54:29 [Error]: (jlog.go:64) (jlog.go:139) (jlog.go:134) (exe.go:101) (jgit.go:29) (jgit.go:33) (root.go:190) (main.go:21): fatal: destination path 'test/ecs_para_principiantes' already exists and is not an empty directory.
-
2022/11/06 15:54:29 [Error]: (jlog.go:64) (jlog.go:139) (jlog.go:134) (exe.go:104) (jgit.go:29) (jgit.go:33) (root.go:190) (main.go:21): exit status 128-
2022/11/06 15:54:29 [Error]: (jlog.go:64) (jlog.go:139) (jlog.go:134) (exe.go:101) (jgit.go:29) (jgit.go:33) (root.go:190) (main.go:21): fatal: destination path 'test/terraform-docker-and-codepipeline' already exists and is not an empty directory.
-
2022/11/06 15:54:29 [Error]: (jlog.go:64) (jlog.go:139) (jlog.go:134) (exe.go:104) (jgit.go:29) (jgit.go:33) (root.go:190) (main.go:21): exit status 128-
2022/11/06 15:54:29 [Error]: (jlog.go:64) (jlog.go:139) (jlog.go:134) (exe.go:101) (jgit.go:29) (jgit.go:33) (root.go:190) (main.go:21): fatal: destination path 'test/lambda_authorizer_with_awssam' already exists and is not an empty directory.
-
2022/11/06 15:54:29 [Error]: (jlog.go:64) (jlog.go:139) (jlog.go:134) (exe.go:104) (jgit.go:29) (jgit.go:33) (root.go:190) (main.go:21): exit status 128-
2022/11/06 15:54:29 [Error]: (jlog.go:64) (jlog.go:139) (jlog.go:134) (exe.go:101) (jgit.go:29) (jgit.go:33) (root.go:190) (main.go:21): fatal: destination path 'test/dockerfiles_hub' already exists and is not an empty directory.
-
2022/11/06 15:54:29 [Error]: (jlog.go:64) (jlog.go:139) (jlog.go:134) (exe.go:104) (jgit.go:29) (jgit.go:33) (root.go:190) (main.go:21): exit status 128-
2022/11/06 15:54:38 [Error]: (asm_amd64.s:1571): fatal: destination path 'test/ecs_para_principiantes' already exists and is not an empty directory.
-
2022/11/06 15:54:38 [Error]: (asm_amd64.s:1571): exit status 128-
2022/11/06 15:54:38 [Error]: (asm_amd64.s:1571): fatal: destination path 'test/terraform-docker-and-codepipeline' already exists and is not an empty directory.
-
2022/11/06 15:54:38 [Error]: (asm_amd64.s:1571): exit status 128-
2022/11/06 15:54:38 [Error]: (asm_amd64.s:1571): fatal: destination path 'test/lambda_authorizer_with_awssam' already exists and is not an empty directory.
-
2022/11/06 15:54:38 [Error]: (asm_amd64.s:1571): exit status 128-
2022/11/06 15:54:38 [Error]: (asm_amd64.s:1571): fatal: destination path 'test/dockerfiles_hub' already exists and is not an empty directory.
-
2022/11/06 15:54:38 [Error]: (asm_amd64.s:1571): exit status 128-
2022/11/06 15:54:39 [Error]: (asm_amd64.s:1571): fatal: destination path 'test/jenkins' already exists and is not an empty directory.
-
2022/11/06 15:54:39 [Error]: (asm_amd64.s:1571): exit status 128-
2022/11/06 15:54:39 [Error]: (asm_amd64.s:1571): fatal: destination path 'test/terraformejercicio' already exists and is not an empty directory.
-
2022/11/06 15:54:39 [Error]: (asm_amd64.s:1571): exit status 128-
2022/11/06 15:55:12 [Error]: (:0): fatal: destination path 'test/ecs_para_principiantes' already exists and is not an empty directory.
-
2022/11/06 15:55:12 [Error]: (:0): exit status 128-
2022/11/06 15:55:12 [Error]: (:0): fatal: destination path 'test/terraform-docker-and-codepipeline' already exists and is not an empty directory.
-
2022/11/06 15:55:12 [Error]: (:0): exit status 128-
2022/11/06 15:55:13 [Error]: (:0): fatal: destination path 'test/lambda_authorizer_with_awssam' already exists and is not an empty directory.
-
2022/11/06 15:55:13 [Error]: (:0): exit status 128-
2022/11/06 15:55:13 [Error]: (:0): fatal: destination path 'test/dockerfiles_hub' already exists and is not an empty directory.
-
2022/11/06 15:55:13 [Error]: (:0): exit status 128-
2022/11/06 15:55:13 [Error]: (:0): fatal: destination path 'test/jenkins' already exists and is not an empty directory.
-
2022/11/06 15:55:13 [Error]: (:0): exit status 128-
2022/11/06 15:55:13 [Error]: (:0): fatal: destination path 'test/terraformejercicio' already exists and is not an empty directory.
-
2022/11/06 15:55:13 [Error]: (:0): exit status 128-
2022/11/06 15:55:26 [Error]: (asm_amd64.s:1571) (:0): fatal: destination path 'test/ecs_para_principiantes' already exists and is not an empty directory.
-
2022/11/06 15:55:26 [Error]: (asm_amd64.s:1571) (:0): exit status 128-
2022/11/06 15:55:26 [Error]: (asm_amd64.s:1571) (:0): fatal: destination path 'test/terraform-docker-and-codepipeline' already exists and is not an empty directory.
-
2022/11/06 15:55:26 [Error]: (asm_amd64.s:1571) (:0): exit status 128-
2022/11/06 15:55:26 [Error]: (asm_amd64.s:1571) (:0): fatal: destination path 'test/lambda_authorizer_with_awssam' already exists and is not an empty directory.
-
2022/11/06 15:55:26 [Error]: (asm_amd64.s:1571) (:0): exit status 128-
2022/11/06 15:56:15 [Error]:: fatal: destination path 'test/ecs_para_principiantes' already exists and is not an empty directory.
-
2022/11/06 15:56:15 [Error]:: exit status 128-
2022/11/06 15:56:15 [Error]:: fatal: destination path 'test/terraform-docker-and-codepipeline' already exists and is not an empty directory.
-
2022/11/06 15:56:15 [Error]:: exit status 128-
2022/11/06 15:56:15 [Error]:: fatal: destination path 'test/lambda_authorizer_with_awssam' already exists and is not an empty directory.
-
2022/11/06 15:56:15 [Error]:: exit status 128-
2022/11/06 15:56:15 [Error]:: fatal: destination path 'test/dockerfiles_hub' already exists and is not an empty directory.
-
2022/11/06 15:56:15 [Error]:: exit status 128-
2022/11/06 15:56:15 [Error]:: fatal: destination path 'test/jenkins' already exists and is not an empty directory.
-
2022/11/06 15:56:15 [Error]:: exit status 128-
2022/11/06 15:56:15 [Error]:: fatal: destination path 'test/terraformejercicio' already exists and is not an empty directory.
-
2022/11/06 15:56:15 [Error]:: exit status 128-
2022/11/06 15:56:16 [Error]:: fatal: destination path 'test/sns_examples' already exists and is not an empty directory.
-
2022/11/06 15:56:16 [Error]:: exit status 128-
2022/11/06 15:56:16 [Error]:: fatal: destination path 'test/golang' already exists and is not an empty directory.
-
2022/11/06 15:56:16 [Error]:: exit status 128-
2022/11/06 15:58:40 [Error]:: fatal: destination path 'test/ecs_para_principiantes' already exists and is not an empty directory.
-
2022/11/06 15:58:40 [Error]:: exit status 128-
2022/11/06 15:58:40 [Error]:: fatal: destination path 'test/terraform-docker-and-codepipeline' already exists and is not an empty directory.
-
2022/11/06 15:58:40 [Error]:: exit status 128-
2022/11/06 15:58:40 [Error]:: fatal: destination path 'test/lambda_authorizer_with_awssam' already exists and is not an empty directory.
-
2022/11/06 15:58:40 [Error]:: exit status 128-
2022/11/06 15:58:40 [Error]:: fatal: destination path 'test/dockerfiles_hub' already exists and is not an empty directory.
-
2022/11/06 15:58:40 [Error]:: exit status 128-
2022/11/06 15:58:49 [Error]: (jlog.go:63) (jlog.go:120) (jlog.go:115) (exe.go:101) (jgit.go:29) (jgit.go:33) (root.go:190) (main.go:21): fatal: destination path 'test/ecs_para_principiantes' already exists and is not an empty directory.
-
2022/11/06 15:58:49 [Error]: (jlog.go:63) (jlog.go:120) (jlog.go:115) (exe.go:104) (jgit.go:29) (jgit.go:33) (root.go:190) (main.go:21): exit status 128-
2022/11/06 15:58:49 [Error]: (jlog.go:63) (jlog.go:120) (jlog.go:115) (exe.go:101) (jgit.go:29) (jgit.go:33) (root.go:190) (main.go:21): fatal: destination path 'test/terraform-docker-and-codepipeline' already exists and is not an empty directory.
-
2022/11/06 15:58:49 [Error]: (jlog.go:63) (jlog.go:120) (jlog.go:115) (exe.go:104) (jgit.go:29) (jgit.go:33) (root.go:190) (main.go:21): exit status 128-
2022/11/06 15:58:49 [Error]: (jlog.go:63) (jlog.go:120) (jlog.go:115) (exe.go:101) (jgit.go:29) (jgit.go:33) (root.go:190) (main.go:21): fatal: destination path 'test/lambda_authorizer_with_awssam' already exists and is not an empty directory.
-
2022/11/06 15:58:49 [Error]: (jlog.go:63) (jlog.go:120) (jlog.go:115) (exe.go:104) (jgit.go:29) (jgit.go:33) (root.go:190) (main.go:21): exit status 128-
2022/11/06 15:58:49 [Error]: (jlog.go:63) (jlog.go:120) (jlog.go:115) (exe.go:101) (jgit.go:29) (jgit.go:33) (root.go:190) (main.go:21): fatal: destination path 'test/dockerfiles_hub' already exists and is not an empty directory.
-
2022/11/06 15:58:49 [Error]: (jlog.go:63) (jlog.go:120) (jlog.go:115) (exe.go:104) (jgit.go:29) (jgit.go:33) (root.go:190) (main.go:21): exit status 128-
2022/11/06 15:58:49 [Error]: (jlog.go:63) (jlog.go:120) (jlog.go:115) (exe.go:101) (jgit.go:29) (jgit.go:33) (root.go:190) (main.go:21): fatal: destination path 'test/jenkins' already exists and is not an empty directory.
-
2022/11/06 15:58:49 [Error]: (jlog.go:63) (jlog.go:120) (jlog.go:115) (exe.go:104) (jgit.go:29) (jgit.go:33) (root.go:190) (main.go:21): exit status 128-
2022/11/06 15:59:16 [Error]: (jlog.go:63) (jlog.go:120) (jlog.go:115) (exe.go:101) (jgit.go:29) (jgit.go:33) (root.go:190) (main.go:21): fatal: destination path 'test/ecs_para_principiantes' already exists and is not an empty directory.
-
2022/11/06 15:59:16 [Error]: (jlog.go:63) (jlog.go:120) (jlog.go:115) (exe.go:104) (jgit.go:29) (jgit.go:33) (root.go:190) (main.go:21): exit status 128-
2022/11/06 15:59:16 [Error]: (jlog.go:63) (jlog.go:120) (jlog.go:115) (exe.go:101) (jgit.go:29) (jgit.go:33) (root.go:190) (main.go:21): fatal: destination path 'test/terraform-docker-and-codepipeline' already exists and is not an empty directory.
-
2022/11/06 15:59:16 [Error]: (jlog.go:63) (jlog.go:120) (jlog.go:115) (exe.go:104) (jgit.go:29) (jgit.go:33) (root.go:190) (main.go:21): exit status 128-
2022/11/06 15:59:16 [Error]: (jlog.go:63) (jlog.go:120) (jlog.go:115) (exe.go:101) (jgit.go:29) (jgit.go:33) (root.go:190) (main.go:21): fatal: destination path 'test/lambda_authorizer_with_awssam' already exists and is not an empty directory.
-
2022/11/06 15:59:16 [Error]: (jlog.go:63) (jlog.go:120) (jlog.go:115) (exe.go:104) (jgit.go:29) (jgit.go:33) (root.go:190) (main.go:21): exit status 128-
2022/11/06 15:59:16 [Error]: (jlog.go:63) (jlog.go:120) (jlog.go:115) (exe.go:101) (jgit.go:29) (jgit.go:33) (root.go:190) (main.go:21): fatal: destination path 'test/dockerfiles_hub' already exists and is not an empty directory.
-
2022/11/06 15:59:16 [Error]: (jlog.go:63) (jlog.go:120) (jlog.go:115) (exe.go:104) (jgit.go:29) (jgit.go:33) (root.go:190) (main.go:21): exit status 128-
2022/11/06 16:00:53 [Error]: (jlog.go:63) (jlog.go:116) (jlog.go:111) (exe.go:101) (jgit.go:29) (jgit.go:33) (root.go:190) (main.go:21) (proc.go:255) (asm_amd64.s:1571) (:0): fatal: destination path 'test/ecs_para_principiantes' already exists and is not an empty directory.
-
2022/11/06 16:00:53 [Error]: (jlog.go:63) (jlog.go:116) (jlog.go:111) (exe.go:104) (jgit.go:29) (jgit.go:33) (root.go:190) (main.go:21) (proc.go:255) (asm_amd64.s:1571) (:0): exit status 128-
2022/11/06 16:00:53 [Error]: (jlog.go:63) (jlog.go:116) (jlog.go:111) (exe.go:101) (jgit.go:29) (jgit.go:33) (root.go:190) (main.go:21) (proc.go:255) (asm_amd64.s:1571) (:0): fatal: destination path 'test/terraform-docker-and-codepipeline' already exists and is not an empty directory.
-
2022/11/06 16:00:53 [Error]: (jlog.go:63) (jlog.go:116) (jlog.go:111) (exe.go:104) (jgit.go:29) (jgit.go:33) (root.go:190) (main.go:21) (proc.go:255) (asm_amd64.s:1571) (:0): exit status 128-
2022/11/06 16:00:53 [Error]: (jlog.go:63) (jlog.go:116) (jlog.go:111) (exe.go:101) (jgit.go:29) (jgit.go:33) (root.go:190) (main.go:21) (proc.go:255) (asm_amd64.s:1571) (:0): fatal: destination path 'test/lambda_authorizer_with_awssam' already exists and is not an empty directory.
-
2022/11/06 16:00:53 [Error]: (jlog.go:63) (jlog.go:116) (jlog.go:111) (exe.go:104) (jgit.go:29) (jgit.go:33) (root.go:190) (main.go:21) (proc.go:255) (asm_amd64.s:1571) (:0): exit status 128-
2022/11/06 16:00:54 [Error]: (jlog.go:63) (jlog.go:116) (jlog.go:111) (exe.go:101) (jgit.go:29) (jgit.go:33) (root.go:190) (main.go:21) (proc.go:255) (asm_amd64.s:1571) (:0): fatal: destination path 'test/dockerfiles_hub' already exists and is not an empty directory.
-
2022/11/06 16:00:54 [Error]: (jlog.go:63) (jlog.go:116) (jlog.go:111) (exe.go:104) (jgit.go:29) (jgit.go:33) (root.go:190) (main.go:21) (proc.go:255) (asm_amd64.s:1571) (:0): exit status 128-
2022/11/06 16:02:09 [Error]: (exe.go:101) (jgit.go:29) (jgit.go:33) (root.go:190) (main.go:21): fatal: destination path 'test/ecs_para_principiantes' already exists and is not an empty directory.
-
2022/11/06 16:02:09 [Error]: (exe.go:104) (jgit.go:29) (jgit.go:33) (root.go:190) (main.go:21): exit status 128-
2022/11/06 16:02:09 [Error]: (exe.go:101) (jgit.go:29) (jgit.go:33) (root.go:190) (main.go:21): fatal: destination path 'test/terraform-docker-and-codepipeline' already exists and is not an empty directory.
-
2022/11/06 16:02:09 [Error]: (exe.go:104) (jgit.go:29) (jgit.go:33) (root.go:190) (main.go:21): exit status 128-
2022/11/06 16:02:09 [Error]: (exe.go:101) (jgit.go:29) (jgit.go:33) (root.go:190) (main.go:21): fatal: destination path 'test/lambda_authorizer_with_awssam' already exists and is not an empty directory.
-
2022/11/06 16:02:09 [Error]: (exe.go:104) (jgit.go:29) (jgit.go:33) (root.go:190) (main.go:21): exit status 128-
2022/11/06 16:02:09 [Error]: (exe.go:101) (jgit.go:29) (jgit.go:33) (root.go:190) (main.go:21): fatal: destination path 'test/dockerfiles_hub' already exists and is not an empty directory.
-
2022/11/06 16:02:09 [Error]: (exe.go:104) (jgit.go:29) (jgit.go:33) (root.go:190) (main.go:21): exit status 128-
2022/11/06 16:02:09 [Error]: (exe.go:101) (jgit.go:29) (jgit.go:33) (root.go:190) (main.go:21): fatal: destination path 'test/jenkins' already exists and is not an empty directory.
-
2022/11/06 16:02:09 [Error]: (exe.go:104) (jgit.go:29) (jgit.go:33) (root.go:190) (main.go:21): exit status 128-
2022/11/06 16:02:10 [Error]: (exe.go:101) (jgit.go:29) (jgit.go:33) (root.go:190) (main.go:21): fatal: destination path 'test/terraformejercicio' already exists and is not an empty directory.
-
2022/11/06 16:02:10 [Error]: (exe.go:104) (jgit.go:29) (jgit.go:33) (root.go:190) (main.go:21): exit status 128-
2022/11/06 16:02:10 [Error]: (exe.go:101) (jgit.go:29) (jgit.go:33) (root.go:190) (main.go:21): fatal: destination path 'test/sns_examples' already exists and is not an empty directory.
-
2022/11/06 16:02:10 [Error]: (exe.go:104) (jgit.go:29) (jgit.go:33) (root.go:190) (main.go:21): exit status 128-
2022/11/06 16:04:11 [Error]: (exe.go:101) (jgit.go:29) (jgit.go:33) (root.go:190) (main.go:21): fatal: destination path 'test/ecs_para_principiantes' already exists and is not an empty directory.
-
2022/11/06 16:04:11 [Error]: (exe.go:104) (jgit.go:29) (jgit.go:33) (root.go:190) (main.go:21): exit status 128-
2022/11/06 16:04:12 [Error]: (exe.go:101) (jgit.go:29) (jgit.go:33) (root.go:190) (main.go:21): fatal: destination path 'test/terraform-docker-and-codepipeline' already exists and is not an empty directory.
-
2022/11/06 16:04:12 [Error]: (exe.go:104) (jgit.go:29) (jgit.go:33) (root.go:190) (main.go:21): exit status 128-
2022/11/06 16:04:12 [Error]: (exe.go:101) (jgit.go:29) (jgit.go:33) (root.go:190) (main.go:21): fatal: destination path 'test/lambda_authorizer_with_awssam' already exists and is not an empty directory.
-
2022/11/06 16:04:12 [Error]: (exe.go:104) (jgit.go:29) (jgit.go:33) (root.go:190) (main.go:21): exit status 128-
2022/11/06 16:04:12 [Error]: (exe.go:101) (jgit.go:29) (jgit.go:33) (root.go:190) (main.go:21): fatal: destination path 'test/dockerfiles_hub' already exists and is not an empty directory.
-
2022/11/06 16:04:12 [Error]: (exe.go:104) (jgit.go:29) (jgit.go:33) (root.go:190) (main.go:21): exit status 128-
2022/11/06 16:04:12 [Error]: (exe.go:101) (jgit.go:29) (jgit.go:33) (root.go:190) (main.go:21): fatal: destination path 'test/jenkins' already exists and is not an empty directory.
-
2022/11/06 16:04:12 [Error]: (exe.go:104) (jgit.go:29) (jgit.go:33) (root.go:190) (main.go:21): exit status 128-
2022/11/06 16:04:23 [Error]: (root.go:190) (main.go:21) (proc.go:255) (asm_amd64.s:1571) (:0): fatal: destination path 'test/ecs_para_principiantes' already exists and is not an empty directory.
-
2022/11/06 16:04:23 [Error]: (root.go:190) (main.go:21) (proc.go:255) (asm_amd64.s:1571) (:0): exit status 128-
2022/11/06 16:04:23 [Error]: (root.go:190) (main.go:21) (proc.go:255) (asm_amd64.s:1571) (:0): fatal: destination path 'test/terraform-docker-and-codepipeline' already exists and is not an empty directory.
-
2022/11/06 16:04:23 [Error]: (root.go:190) (main.go:21) (proc.go:255) (asm_amd64.s:1571) (:0): exit status 128-
2022/11/06 16:04:23 [Error]: (root.go:190) (main.go:21) (proc.go:255) (asm_amd64.s:1571) (:0): fatal: destination path 'test/lambda_authorizer_with_awssam' already exists and is not an empty directory.
-
2022/11/06 16:04:23 [Error]: (root.go:190) (main.go:21) (proc.go:255) (asm_amd64.s:1571) (:0): exit status 128-
2022/11/06 16:04:50 [Error]: (main.go:21): fatal: destination path 'test/ecs_para_principiantes' already exists and is not an empty directory.
-
2022/11/06 16:04:50 [Error]: (main.go:21): exit status 128-
2022/11/06 16:04:50 [Error]: (main.go:21): fatal: destination path 'test/terraform-docker-and-codepipeline' already exists and is not an empty directory.
-
2022/11/06 16:04:50 [Error]: (main.go:21): exit status 128-
2022/11/06 16:04:51 [Error]: (main.go:21): fatal: destination path 'test/lambda_authorizer_with_awssam' already exists and is not an empty directory.
-
2022/11/06 16:04:51 [Error]: (main.go:21): exit status 128-
2022/11/06 16:05:14 [Error]: (root.go:190) (main.go:21): fatal: destination path 'test/ecs_para_principiantes' already exists and is not an empty directory.
-
2022/11/06 16:05:14 [Error]: (root.go:190) (main.go:21): exit status 128-
2022/11/06 16:05:14 [Error]: (root.go:190) (main.go:21): fatal: destination path 'test/terraform-docker-and-codepipeline' already exists and is not an empty directory.
-
2022/11/06 16:05:14 [Error]: (root.go:190) (main.go:21): exit status 128-
2022/11/06 16:07:32 [Error]: (root.go:190) (main.go:21): fatal: destination path 'test/ecs_para_principiantes' already exists and is not an empty directory.
-
2022/11/06 16:07:32 [Error]: (root.go:190) (main.go:21): exit status 128-
2022/11/06 16:07:32 [Error]: (root.go:190) (main.go:21): fatal: destination path 'test/terraform-docker-and-codepipeline' already exists and is not an empty directory.
-
2022/11/06 16:07:32 [Error]: (root.go:190) (main.go:21): exit status 128-
2022/11/06 16:07:32 [Error]: (root.go:190) (main.go:21): fatal: destination path 'test/lambda_authorizer_with_awssam' already exists and is not an empty directory.
-
2022/11/06 16:07:32 [Error]: (root.go:190) (main.go:21): exit status 128-
2022/11/06 16:07:32 [Error]: (root.go:190) (main.go:21): fatal: destination path 'test/dockerfiles_hub' already exists and is not an empty directory.
-
2022/11/06 16:07:32 [Error]: (root.go:190) (main.go:21): exit status 128-
2022/11/06 16:07:32 [Error]: (root.go:190) (main.go:21): fatal: destination path 'test/jenkins' already exists and is not an empty directory.
-
2022/11/06 16:07:32 [Error]: (root.go:190) (main.go:21): exit status 128-
2022/11/06 16:07:33 [Error]: (root.go:190) (main.go:21): fatal: destination path 'test/terraformejercicio' already exists and is not an empty directory.
-
2022/11/06 16:07:33 [Error]: (root.go:190) (main.go:21): exit status 128-
2022/11/06 16:07:33 [Error]: (root.go:190) (main.go:21): fatal: destination path 'test/sns_examples' already exists and is not an empty directory.
-
2022/11/06 16:07:33 [Error]: (root.go:190) (main.go:21): exit status 128-
2022/11/06 16:07:33 [Error]: (root.go:190) (main.go:21): fatal: destination path 'test/golang' already exists and is not an empty directory.
-
2022/11/06 16:07:33 [Error]: (root.go:190) (main.go:21): exit status 128-
2022/11/06 16:07:35 [Error]: (root.go:190) (main.go:21): fatal: destination path 'test/CI_CD_SAM_lambda_golang_gin' already exists and is not an empty directory.
-
2022/11/06 16:07:35 [Error]: (root.go:190) (main.go:21): exit status 128-
2022/11/06 16:07:36 [Error]: (root.go:190) (main.go:21): Cloning into 'test/fibercli'...
fatal: Remote branch master not found in upstream origin
-
2022/11/06 16:07:36 [Error]: (root.go:190) (main.go:21): exit status 128-
2022/11/06 16:07:36 [Error]: (root.go:190) (main.go:21): fatal: destination path 'test/miniflyaway' already exists and is not an empty directory.
-
2022/11/06 16:07:36 [Error]: (root.go:190) (main.go:21): exit status 128-
2022/11/06 16:07:36 [Error]: (root.go:190) (main.go:21): fatal: destination path 'test/jgt' already exists and is not an empty directory.
-
2022/11/06 16:07:36 [Error]: (root.go:190) (main.go:21): exit status 128-
2022/11/06 16:07:36 [Error]: (root.go:190) (main.go:21): fatal: destination path 'test/cindi' already exists and is not an empty directory.
-
2022/11/06 16:07:36 [Error]: (root.go:190) (main.go:21): exit status 128-
2022/11/06 16:07:37 [Error]: (root.go:190) (main.go:21): fatal: destination path 'test/gocore' already exists and is not an empty directory.
-
2022/11/06 16:07:37 [Error]: (root.go:190) (main.go:21): exit status 128-
2022/11/06 16:07:37 [Error]: (root.go:190) (main.go:21): fatal: destination path 'test/miniflyaway' already exists and is not an empty directory.
-
2022/11/06 16:07:37 [Error]: (root.go:190) (main.go:21): exit status 128-
2022/11/06 16:07:37 [Error]: (root.go:190) (main.go:21): fatal: destination path 'test/kotlin_on_aws' already exists and is not an empty directory.
-
2022/11/06 16:07:37 [Error]: (root.go:190) (main.go:21): exit status 128-
2022/11/06 16:07:38 [Error]: (root.go:190) (main.go:21): fatal: destination path 'test/nodejs_on_aws' already exists and is not an empty directory.
-
2022/11/06 16:07:38 [Error]: (root.go:190) (main.go:21): exit status 128-
2022/11/06 16:07:39 [Error]: (root.go:190) (main.go:21): Cloning into 'test/hex'...
fatal: Remote branch master not found in upstream origin
-
2022/11/06 16:07:39 [Error]: (root.go:190) (main.go:21): exit status 128-
2022/11/06 16:07:39 [Error]: (root.go:190) (main.go:21): Cloning into 'test/awsTranslate'...
fatal: Remote branch master not found in upstream origin
-
2022/11/06 16:07:39 [Error]: (root.go:190) (main.go:21): exit status 128-
2022/11/06 16:07:39 [Error]: (root.go:190) (main.go:21): fatal: destination path 'test/GORM' already exists and is not an empty directory.
-
2022/11/06 16:07:39 [Error]: (root.go:190) (main.go:21): exit status 128-
2022/11/06 16:07:40 [Error]: (root.go:190) (main.go:21): Cloning into 'test/echo_configServer'...
fatal: Remote branch master not found in upstream origin
-
2022/11/06 16:07:40 [Error]: (root.go:190) (main.go:21): exit status 128-
2022/11/06 16:07:40 [Error]: (root.go:190) (main.go:21): fatal: destination path 'test/jaivic' already exists and is not an empty directory.
-
2022/11/06 16:07:40 [Error]: (root.go:190) (main.go:21): exit status 128-
2022/11/06 16:07:41 [Error]: (root.go:190) (main.go:21): fatal: destination path 'test/webcindiiris' already exists and is not an empty directory.
-
2022/11/06 16:07:41 [Error]: (root.go:190) (main.go:21): exit status 128-
2022/11/06 16:07:44 [Error]: (root.go:190) (main.go:21): fatal: destination path 'test/jaguweb' already exists and is not an empty directory.
-
2022/11/06 16:07:44 [Error]: (root.go:190) (main.go:21): exit status 128-
2022/11/06 16:08:06 [Error]: (root.go:190) (main.go:21): fatal: destination path 'test/ecs_para_principiantes' already exists and is not an empty directory.
-
2022/11/06 16:08:06 [Error]: (root.go:190) (main.go:21): exit status 128-
2022/11/06 16:08:06 [Error]: (root.go:190) (main.go:21): fatal: destination path 'test/terraform-docker-and-codepipeline' already exists and is not an empty directory.
-
2022/11/06 16:08:06 [Error]: (root.go:190) (main.go:21): exit status 128-
2022/11/06 16:08:06 [Error]: (root.go:190) (main.go:21): fatal: destination path 'test/lambda_authorizer_with_awssam' already exists and is not an empty directory.
-
2022/11/06 16:08:06 [Error]: (root.go:190) (main.go:21): exit status 128-
2022/11/06 16:08:06 [Error]: (root.go:190) (main.go:21): fatal: destination path 'test/dockerfiles_hub' already exists and is not an empty directory.
-
2022/11/06 16:08:06 [Error]: (root.go:190) (main.go:21): exit status 128-
2022/11/06 16:08:07 [Error]: (root.go:190) (main.go:21): fatal: destination path 'test/jenkins' already exists and is not an empty directory.
-
2022/11/06 16:08:07 [Error]: (root.go:190) (main.go:21): exit status 128-
2022/11/06 16:08:07 [Error]: (root.go:190) (main.go:21): fatal: destination path 'test/terraformejercicio' already exists and is not an empty directory.
-
2022/11/06 16:08:07 [Error]: (root.go:190) (main.go:21): exit status 128-
2022/11/06 16:08:07 [Error]: (root.go:190) (main.go:21): fatal: destination path 'test/sns_examples' already exists and is not an empty directory.
-
2022/11/06 16:08:07 [Error]: (root.go:190) (main.go:21): exit status 128-
2022/11/06 16:08:07 [Error]: (root.go:190) (main.go:21): fatal: destination path 'test/golang' already exists and is not an empty directory.
-
2022/11/06 16:08:07 [Error]: (root.go:190) (main.go:21): exit status 128-
2022/11/06 16:08:09 [Error]: (root.go:190) (main.go:21): fatal: destination path 'test/CI_CD_SAM_lambda_golang_gin' already exists and is not an empty directory.
-
2022/11/06 16:08:09 [Error]: (root.go:190) (main.go:21): exit status 128-
2022/11/06 16:08:09 [Error]: (root.go:190) (main.go:21): Cloning into 'test/fibercli'...
fatal: Remote branch master not found in upstream origin
-
2022/11/06 16:08:09 [Error]: (root.go:190) (main.go:21): exit status 128-
2022/11/06 16:08:09 [Error]: (root.go:190) (main.go:21): fatal: destination path 'test/miniflyaway' already exists and is not an empty directory.
-
2022/11/06 16:08:09 [Error]: (root.go:190) (main.go:21): exit status 128-
2022/11/06 16:08:09 [Error]: (root.go:190) (main.go:21): fatal: destination path 'test/jgt' already exists and is not an empty directory.
-
2022/11/06 16:08:09 [Error]: (root.go:190) (main.go:21): exit status 128-
2022/11/06 16:08:10 [Error]: (root.go:190) (main.go:21): fatal: destination path 'test/cindi' already exists and is not an empty directory.
-
2022/11/06 16:08:10 [Error]: (root.go:190) (main.go:21): exit status 128-
2022/11/06 16:08:10 [Error]: (root.go:190) (main.go:21): fatal: destination path 'test/gocore' already exists and is not an empty directory.
-
2022/11/06 16:08:10 [Error]: (root.go:190) (main.go:21): exit status 128-
2022/11/06 16:08:10 [Error]: (root.go:190) (main.go:21): fatal: destination path 'test/miniflyaway' already exists and is not an empty directory.
-
2022/11/06 16:08:10 [Error]: (root.go:190) (main.go:21): exit status 128-
2022/11/06 16:08:10 [Error]: (root.go:190) (main.go:21): fatal: destination path 'test/kotlin_on_aws' already exists and is not an empty directory.
-
2022/11/06 16:08:10 [Error]: (root.go:190) (main.go:21): exit status 128-
2022/11/06 16:08:10 [Error]: (root.go:190) (main.go:21): fatal: destination path 'test/nodejs_on_aws' already exists and is not an empty directory.
-
2022/11/06 16:08:10 [Error]: (root.go:190) (main.go:21): exit status 128-
2022/11/06 16:08:11 [Error]: (root.go:190) (main.go:21): Cloning into 'test/hex'...
fatal: Remote branch master not found in upstream origin
-
2022/11/06 16:08:11 [Error]: (root.go:190) (main.go:21): exit status 128-
2022/11/06 16:08:11 [Error]: (root.go:190) (main.go:21): Cloning into 'test/awsTranslate'...
fatal: Remote branch master not found in upstream origin
-
2022/11/06 16:08:11 [Error]: (root.go:190) (main.go:21): exit status 128-
2022/11/06 16:08:11 [Error]: (root.go:190) (main.go:21): fatal: destination path 'test/GORM' already exists and is not an empty directory.
-
2022/11/06 16:08:11 [Error]: (root.go:190) (main.go:21): exit status 128-
2022/11/06 16:08:12 [Error]: (root.go:190) (main.go:21): Cloning into 'test/echo_configServer'...
fatal: Remote branch master not found in upstream origin
-
2022/11/06 16:08:12 [Error]: (root.go:190) (main.go:21): exit status 128-
2022/11/06 16:08:12 [Error]: (root.go:190) (main.go:21): fatal: destination path 'test/jaivic' already exists and is not an empty directory.
-
2022/11/06 16:08:12 [Error]: (root.go:190) (main.go:21): exit status 128-
2022/11/06 16:08:12 [Error]: (root.go:190) (main.go:21): fatal: destination path 'test/webcindiiris' already exists and is not an empty directory.
-
2022/11/06 16:08:12 [Error]: (root.go:190) (main.go:21): exit status 128-
2022/11/06 16:08:14 [Error]: (root.go:190) (main.go:21): fatal: destination path 'test/jaguweb' already exists and is not an empty directory.
-
2022/11/06 16:08:14 [Error]: (root.go:190) (main.go:21): exit status 128-
2022/11/06 16:09:19 [Error]: (root.go:190) (main.go:21): fatal: destination path 'test/ecs_para_principiantes' already exists and is not an empty directory.
-
2022/11/06 16:09:19 [Error]: (root.go:190) (main.go:21): exit status 128-
2022/11/06 16:09:19 [Error]: (root.go:190) (main.go:21): fatal: destination path 'test/terraform-docker-and-codepipeline' already exists and is not an empty directory.
-
2022/11/06 16:09:19 [Error]: (root.go:190) (main.go:21): exit status 128-
2022/11/06 16:10:22 [Error]: (root.go:190) (main.go:21): fatal: destination path 'test/ecs_para_principiantes' already exists and is not an empty directory.
-
2022/11/06 16:10:22 [Error]: (root.go:190) (main.go:21): exit status 128-
2022/11/06 16:10:22 [Error]: (root.go:190) (main.go:21): fatal: destination path 'test/terraform-docker-and-codepipeline' already exists and is not an empty directory.
-
2022/11/06 16:10:22 [Error]: (root.go:190) (main.go:21): exit status 128-
2022/11/06 16:11:40 [Error]: (root.go:190) (main.go:21): fatal: destination path 'test/ecs_para_principiantes' already exists and is not an empty directory.
-
2022/11/06 16:11:40 [Error]: (root.go:190) (main.go:21): exit status 128-
2022/11/06 16:11:40 [Error]: (root.go:190) (main.go:21): fatal: destination path 'test/terraform-docker-and-codepipeline' already exists and is not an empty directory.
-
2022/11/06 16:11:40 [Error]: (root.go:190) (main.go:21): exit status 128-
2022/11/06 16:12:32 [Error]: (root.go:190) (main.go:21): fatal: destination path 'test/ecs_para_principiantes' already exists and is not an empty directory.
-
2022/11/06 16:12:32 [Error]: (root.go:190) (main.go:21): exit status 128-
2022/11/06 16:12:32 [Error]: (root.go:190) (main.go:21): fatal: destination path 'test/terraform-docker-and-codepipeline' already exists and is not an empty directory.
-
2022/11/06 16:12:32 [Error]: (root.go:190) (main.go:21): exit status 128-
2022/11/06 16:13:27 [Error]: (root.go:190) (main.go:21): fatal: destination path 'test/ecs_para_principiantes' already exists and is not an empty directory.
-
2022/11/06 16:13:27 [Error]: (root.go:190) (main.go:21): exit status 128-
2022/11/06 16:13:27 [Error]: (root.go:190) (main.go:21): fatal: destination path 'test/terraform-docker-and-codepipeline' already exists and is not an empty directory.
-
2022/11/06 16:13:27 [Error]: (root.go:190) (main.go:21): exit status 128-
2022/11/06 16:13:46 [Error]: (root.go:190) (main.go:21): Cloning into 'test/ecs_para_principiantes'...
-
2022/11/06 16:13:47 [Error]: (root.go:190) (main.go:21): Cloning into 'test/terraform-docker-and-codepipeline'...
-
2022/11/06 16:15:06 [Error]: (root.go:190) (main.go:21): fatal: destination path 'test/ecs_para_principiantes' already exists and is not an empty directory.
-
2022/11/06 16:15:06 [Error]: (root.go:190) (main.go:21): exit status 128-
2022/11/06 16:15:07 [Error]: (root.go:190) (main.go:21): Cloning into 'test/terraform-docker-and-codepipeline'...
-
2022/11/06 16:16:01 [Error]: (root.go:190) (main.go:21): fatal: destination path 'test/ecs_para_principiantes' already exists and is not an empty directory.
-
2022/11/06 16:16:01 [Error]: (root.go:190) (main.go:21): exit status 128-
2022/11/06 16:16:01 [Error]: (root.go:190) (main.go:21): fatal: destination path 'test/terraform-docker-and-codepipeline' already exists and is not an empty directory.
-
2022/11/06 16:16:01 [Error]: (root.go:190) (main.go:21): exit status 128-
2022/11/06 16:16:32 [Error]: (root.go:190) (main.go:21): Cloning into 'test/ecs_para_principiantes'...
-
2022/11/06 16:16:33 [Error]: (root.go:190) (main.go:21): Cloning into 'test/terraform-docker-and-codepipeline'...
-
2022/11/06 16:18:44 [Error]: (root.go:190) (main.go:21):--- fatal: destination path 'test/ecs_para_principiantes' already exists and is not an empty directory.
-
2022/11/06 16:18:44 [Error]: (root.go:190) (main.go:21):--- exit status 128-
2022/11/06 16:18:44 [Error]: (root.go:190) (main.go:21):--- fatal: destination path 'test/terraform-docker-and-codepipeline' already exists and is not an empty directory.
-
2022/11/06 16:18:44 [Error]: (root.go:190) (main.go:21):--- exit status 128-
2022/11/06 16:18:59 [Error]: (root.go:190) (main.go:21): fatal: destination path 'test/ecs_para_principiantes' already exists and is not an empty directory.
-
2022/11/06 16:18:59 [Error]: (root.go:190) (main.go:21): exit status 128-
2022/11/06 16:18:59 [Error]: (root.go:190) (main.go:21): fatal: destination path 'test/terraform-docker-and-codepipeline' already exists and is not an empty directory.
-
2022/11/06 16:18:59 [Error]: (root.go:190) (main.go:21): exit status 128-
2022/11/06 16:19:11 [Error]: (root.go:190) (main.go:21): fatal: destination path 'test/ecs_para_principiantes' already exists and is not an empty directory.
- jaivic
2022/11/06 16:19:11 [Error]: (root.go:190) (main.go:21): exit status 128- jaivic
2022/11/06 16:19:11 [Error]: (root.go:190) (main.go:21): fatal: destination path 'test/terraform-docker-and-codepipeline' already exists and is not an empty directory.
- jaivic
2022/11/06 16:19:11 [Error]: (root.go:190) (main.go:21): exit status 128- jaivic
2022/11/06 16:26:31 [Error]: (root.go:190) (main.go:21): fatal: destination path 'test/ecs_para_principiantes' already exists and is not an empty directory.
-
2022/11/06 16:26:31 [Error]: (root.go:190) (main.go:21): exit status 128-
2022/11/06 16:26:31 [Error]: (root.go:190) (main.go:21): fatal: destination path 'test/terraform-docker-and-codepipeline' already exists and is not an empty directory.
-
2022/11/06 16:26:31 [Error]: (root.go:190) (main.go:21): exit status 128-
2022/11/06 16:28:05 [Error]: (root.go:190) (main.go:21): fatal: destination path 'test/ecs_para_principiantes' already exists and is not an empty directory.
-[]
2022/11/06 16:28:05 [Error]: (root.go:190) (main.go:21): exit status 128-[]
2022/11/06 16:28:05 [Error]: (root.go:190) (main.go:21): fatal: destination path 'test/terraform-docker-and-codepipeline' already exists and is not an empty directory.
-[]
2022/11/06 16:28:05 [Error]: (root.go:190) (main.go:21): exit status 128-[]
2022/11/06 16:28:34 [Error]: (root.go:190) (main.go:21): fatal: destination path 'test/ecs_para_principiantes' already exists and is not an empty directory.
-
2022/11/06 16:28:34 [Error]: (root.go:190) (main.go:21): exit status 128-
2022/11/06 16:28:34 [Error]: (root.go:190) (main.go:21): fatal: destination path 'test/terraform-docker-and-codepipeline' already exists and is not an empty directory.
-
2022/11/06 16:28:34 [Error]: (root.go:190) (main.go:21): exit status 128-
2022/11/06 16:29:27 [Error]: (root.go:190) (main.go:21): fatal: destination path 'test/ecs_para_principiantes' already exists and is not an empty directory.
-
2022/11/06 16:29:27 [Error]: (root.go:190) (main.go:21): exit status 128-
2022/11/06 16:29:27 [Error]: (root.go:190) (main.go:21): fatal: destination path 'test/terraform-docker-and-codepipeline' already exists and is not an empty directory.
-
2022/11/06 16:29:27 [Error]: (root.go:190) (main.go:21): exit status 128-
2022/11/06 16:29:46 [Error]: (root.go:190) (main.go:21): fatal: destination path 'test/ecs_para_principiantes' already exists and is not an empty directory.
- %!v(MISSING)
2022/11/06 16:29:46 [Error]: (root.go:190) (main.go:21): exit status 128- %!v(MISSING)
2022/11/06 16:29:46 [Error]: (root.go:190) (main.go:21): fatal: destination path 'test/terraform-docker-and-codepipeline' already exists and is not an empty directory.
- %!v(MISSING)
2022/11/06 16:29:46 [Error]: (root.go:190) (main.go:21): exit status 128- %!v(MISSING)
2022/11/06 16:30:08 [Error]: (root.go:190) (main.go:21): fatal: destination path 'test/ecs_para_principiantes' already exists and is not an empty directory.
 %!v(MISSING)
2022/11/06 16:30:08 [Error]: (root.go:190) (main.go:21): exit status 128 %!v(MISSING)
2022/11/06 16:30:08 [Error]: (root.go:190) (main.go:21): fatal: destination path 'test/terraform-docker-and-codepipeline' already exists and is not an empty directory.
 %!v(MISSING)
2022/11/06 16:30:08 [Error]: (root.go:190) (main.go:21): exit status 128 %!v(MISSING)
2022/11/06 16:31:50 [Error]: (root.go:190) (main.go:21): fatal: destination path 'test/ecs_para_principiantes' already exists and is not an empty directory.
 %!v(MISSING)
2022/11/06 16:31:50 [Error]: (root.go:190) (main.go:21): exit status 128 %!v(MISSING)
2022/11/06 16:31:50 [Error]: (root.go:190) (main.go:21): fatal: destination path 'test/terraform-docker-and-codepipeline' already exists and is not an empty directory.
 %!v(MISSING)
2022/11/06 16:31:50 [Error]: (root.go:190) (main.go:21): exit status 128 %!v(MISSING)
2022/11/06 16:33:03 [Error]: (root.go:190) (main.go:21): fatal: destination path 'test/ecs_para_principiantes' already exists and is not an empty directory.
 %!v(MISSING)
2022/11/06 16:33:03 [Error]: (root.go:190) (main.go:21): exit status 128 %!v(MISSING)
2022/11/06 16:33:03 [Error]: (root.go:190) (main.go:21): fatal: destination path 'test/terraform-docker-and-codepipeline' already exists and is not an empty directory.
 %!v(MISSING)
2022/11/06 16:33:03 [Error]: (root.go:190) (main.go:21): exit status 128 %!v(MISSING)
2022/11/06 16:33:57 [Error]: (root.go:190) (main.go:21): fatal: destination path 'test/ecs_para_principiantes' already exists and is not an empty directory.
 %!v(MISSING)
2022/11/06 16:33:57 [Error]: (root.go:190) (main.go:21): exit status 128 %!v(MISSING)
2022/11/06 16:33:57 [Error]: (root.go:190) (main.go:21): fatal: destination path 'test/terraform-docker-and-codepipeline' already exists and is not an empty directory.
 %!v(MISSING)
2022/11/06 16:33:57 [Error]: (root.go:190) (main.go:21): exit status 128 %!v(MISSING)
2022/11/06 16:34:16 [Error]: (root.go:190) (main.go:21): fatal: destination path 'test/ecs_para_principiantes' already exists and is not an empty directory.
 %!v(MISSING)
2022/11/06 16:34:16 [Error]: (root.go:190) (main.go:21): exit status 128 %!v(MISSING)
2022/11/06 16:34:16 [Error]: (root.go:190) (main.go:21): fatal: destination path 'test/terraform-docker-and-codepipeline' already exists and is not an empty directory.
 %!v(MISSING)
2022/11/06 16:34:16 [Error]: (root.go:190) (main.go:21): exit status 128 %!v(MISSING)
2022/11/06 16:34:38 [Error]: (root.go:190) (main.go:21): fatal: destination path 'test/ecs_para_principiantes' already exists and is not an empty directory.

2022/11/06 16:34:38 [Error]: (root.go:190) (main.go:21): exit status 128
2022/11/06 16:34:38 [Error]: (root.go:190) (main.go:21): fatal: destination path 'test/terraform-docker-and-codepipeline' already exists and is not an empty directory.

2022/11/06 16:34:38 [Error]: (root.go:190) (main.go:21): exit status 128
2022/11/06 16:36:44 [Error]: (root.go:190) (main.go:21): fatal: destination path 'test/ecs_para_principiantes' already exists and is not an empty directory.

2022/11/06 16:36:44 [Error]: (root.go:190) (main.go:21): exit status 128
2022/11/06 16:36:44 [Error]: (root.go:190) (main.go:21): fatal: destination path 'test/terraform-docker-and-codepipeline' already exists and is not an empty directory.

2022/11/06 16:36:44 [Error]: (root.go:190) (main.go:21): exit status 128
2022/11/06 16:37:56 [Error]: (root.go:192) (main.go:21): fatal: destination path 'test/ecs_para_principiantes' already exists and is not an empty directory.

2022/11/06 16:37:56 [Error]: (root.go:192) (main.go:21): exit status 128
2022/11/06 16:37:56 [Error]: (root.go:192) (main.go:21): fatal: destination path 'test/terraform-docker-and-codepipeline' already exists and is not an empty directory.

2022/11/06 16:37:56 [Error]: (root.go:192) (main.go:21): exit status 128
2022/11/06 16:39:11 [Error]: (root.go:192) (main.go:21): fatal: destination path 'test/ecs_para_principiantes' already exists and is not an empty directory.

2022/11/06 16:39:11 [Error]: (root.go:192) (main.go:21): exit status 128
2022/11/06 16:39:12 [Error]: (root.go:192) (main.go:21): Cloning into 'test/terraform-docker-and-codepipeline'...

2022/11/06 16:39:55 [Error]: (root.go:192) (main.go:21): fatal: destination path 'test/ecs_para_principiantes' already exists and is not an empty directory.

2022/11/06 16:39:55 [Error]: (root.go:192) (main.go:21): exit status 128
2022/11/06 16:39:55 [Error]: (root.go:192) (main.go:21): fatal: destination path 'test/terraform-docker-and-codepipeline' already exists and is not an empty directory.

2022/11/06 16:39:55 [Error]: (root.go:192) (main.go:21): exit status 128
2022/11/06 16:40:44 [Error]: (root.go:192) (main.go:21): fatal: destination path 'test/ecs_para_principiantes' already exists and is not an empty directory.

2022/11/06 16:40:44 [Error]: (root.go:192) (main.go:21): exit status 128
2022/11/06 16:40:44 [Error]: (root.go:192) (main.go:21): fatal: destination path 'test/terraform-docker-and-codepipeline' already exists and is not an empty directory.

2022/11/06 16:40:44 [Error]: (root.go:192) (main.go:21): exit status 128
